<?xml version="1.0" encoding="UTF-8"?>
<testng-results ignored="0" total="1" passed="1" failed="0" skipped="0">
  <reporter-output>
  </reporter-output>
  <suite started-at="2024-08-24T12:31:51 ART" name="Default suite" finished-at="2024-08-24T12:32:00 ART" duration-ms="9196">
    <groups>
    </groups>
    <test started-at="2024-08-24T12:31:51 ART" name="Default test" finished-at="2024-08-24T12:32:00 ART" duration-ms="9196">
      <class name="tests.PurchaseTest">
        <test-method is-config="true" signature="setUp()[pri:0, instance:tests.PurchaseTest@70e9c95d]" started-at="2024-08-24T12:31:51 ART" name="setUp" finished-at="2024-08-24T12:31:55 ART" duration-ms="3873" status="PASS">
          <reporter-output>
          </reporter-output>
        </test-method> <!-- setUp -->
        <test-method signature="testPurchase()[pri:0, instance:tests.PurchaseTest@70e9c95d]" started-at="2024-08-24T12:31:55 ART" name="testPurchase" finished-at="2024-08-24T12:31:59 ART" duration-ms="3892" status="PASS">
          <reporter-output>
          </reporter-output>
        </test-method> <!-- testPurchase -->
        <test-method is-config="true" signature="tearDown()[pri:0, instance:tests.PurchaseTest@70e9c95d]" started-at="2024-08-24T12:31:59 ART" name="tearDown" finished-at="2024-08-24T12:32:00 ART" duration-ms="1386" status="PASS">
          <reporter-output>
          </reporter-output>
        </test-method> <!-- tearDown -->
      </class> <!-- tests.PurchaseTest -->
    </test> <!-- Default test -->
  </suite> <!-- Default suite -->
</testng-results>
